[debug] [2026-01-18T17:32:51.800Z] > command requires scopes: ["email","openid","https://www.googleapis.com/auth/cloudplatformprojects.readonly","https://www.googleapis.com/auth/firebase","https://www.googleapis.com/auth/cloud-platform"]
[debug] [2026-01-18T17:32:51.803Z] > command requires scopes: ["email","openid","https://www.googleapis.com/auth/cloudplatformprojects.readonly","https://www.googleapis.com/auth/firebase","https://www.googleapis.com/auth/cloud-platform"]
[debug] [2026-01-18T17:32:51.951Z] Running auto auth
[debug] [2026-01-18T17:32:51.952Z] Running auto auth
[debug] [2026-01-18T17:32:51.952Z] No OAuth tokens found
[debug] [2026-01-18T17:32:51.953Z] No OAuth tokens found
[debug] [2026-01-18T17:32:51.953Z] >>> [apiv2][query] GET https://cloudbilling.googleapis.com/v1/projects/the-economist-reader/billingInfo [none]
[debug] [2026-01-18T17:32:51.955Z] >>> [apiv2][query] GET https://cloudbilling.googleapis.com/v1/projects/the-economist-reader/billingInfo [none]
[debug] [2026-01-18T17:32:52.578Z] <<< [apiv2][status] GET https://cloudbilling.googleapis.com/v1/projects/the-economist-reader/billingInfo 200
[debug] [2026-01-18T17:32:52.578Z] <<< [apiv2][body] GET https://cloudbilling.googleapis.com/v1/projects/the-economist-reader/billingInfo {"name":"projects/the-economist-reader/billingInfo","projectId":"the-economist-reader","billingAccountName":"","billingEnabled":false}
[debug] [2026-01-18T17:32:52.642Z] No OAuth tokens found
[debug] [2026-01-18T17:32:52.642Z] No OAuth tokens found
[debug] [2026-01-18T17:32:52.642Z] No OAuth tokens found
[debug] [2026-01-18T17:32:52.643Z] No OAuth tokens found
[debug] [2026-01-18T17:32:52.643Z] No OAuth tokens found
[debug] [2026-01-18T17:32:52.643Z] No OAuth tokens found
[debug] [2026-01-18T17:32:52.643Z] No OAuth tokens found
[debug] [2026-01-18T17:32:52.651Z] No OAuth tokens found
[debug] [2026-01-18T17:32:52.651Z] No OAuth tokens found
[debug] [2026-01-18T17:32:52.651Z] >>> [apiv2][query] GET https://serviceusage.googleapis.com/v1/projects/the-economist-reader/services/firestore.googleapis.com [none]
[debug] [2026-01-18T17:32:52.651Z] >>> [apiv2][(partial)header] GET https://serviceusage.googleapis.com/v1/projects/the-economist-reader/services/firestore.googleapis.com x-goog-quota-user=projects/the-economist-reader
[debug] [2026-01-18T17:32:52.652Z] >>> [apiv2][query] GET https://serviceusage.googleapis.com/v1/projects/the-economist-reader/services/storage.googleapis.com [none]
[debug] [2026-01-18T17:32:52.652Z] >>> [apiv2][(partial)header] GET https://serviceusage.googleapis.com/v1/projects/the-economist-reader/services/storage.googleapis.com x-goog-quota-user=projects/the-economist-reader
[debug] [2026-01-18T17:32:52.653Z] >>> [apiv2][query] GET https://serviceusage.googleapis.com/v1/projects/the-economist-reader/services/firebasedataconnect.googleapis.com [none]
[debug] [2026-01-18T17:32:52.653Z] >>> [apiv2][(partial)header] GET https://serviceusage.googleapis.com/v1/projects/the-economist-reader/services/firebasedataconnect.googleapis.com x-goog-quota-user=projects/the-economist-reader
[debug] [2026-01-18T17:32:52.654Z] >>> [apiv2][query] GET https://serviceusage.googleapis.com/v1/projects/the-economist-reader/services/identitytoolkit.googleapis.com [none]
[debug] [2026-01-18T17:32:52.654Z] >>> [apiv2][(partial)header] GET https://serviceusage.googleapis.com/v1/projects/the-economist-reader/services/identitytoolkit.googleapis.com x-goog-quota-user=projects/the-economist-reader
[debug] [2026-01-18T17:32:52.655Z] >>> [apiv2][query] GET https://serviceusage.googleapis.com/v1/projects/the-economist-reader/services/fcm.googleapis.com [none]
[debug] [2026-01-18T17:32:52.655Z] >>> [apiv2][(partial)header] GET https://serviceusage.googleapis.com/v1/projects/the-economist-reader/services/fcm.googleapis.com x-goog-quota-user=projects/the-economist-reader
[debug] [2026-01-18T17:32:52.655Z] >>> [apiv2][query] GET https://serviceusage.googleapis.com/v1/projects/the-economist-reader/services/cloudfunctions.googleapis.com [none]
[debug] [2026-01-18T17:32:52.655Z] >>> [apiv2][(partial)header] GET https://serviceusage.googleapis.com/v1/projects/the-economist-reader/services/cloudfunctions.googleapis.com x-goog-quota-user=projects/the-economist-reader
[debug] [2026-01-18T17:32:52.657Z] >>> [apiv2][query] GET https://serviceusage.googleapis.com/v1/projects/the-economist-reader/services/firebaseremoteconfig.googleapis.com [none]
[debug] [2026-01-18T17:32:52.657Z] >>> [apiv2][(partial)header] GET https://serviceusage.googleapis.com/v1/projects/the-economist-reader/services/firebaseremoteconfig.googleapis.com x-goog-quota-user=projects/the-economist-reader
[debug] [2026-01-18T17:32:52.658Z] >>> [apiv2][query] GET https://serviceusage.googleapis.com/v1/projects/the-economist-reader/services/firebaseapphosting.googleapis.com [none]
[debug] [2026-01-18T17:32:52.658Z] >>> [apiv2][(partial)header] GET https://serviceusage.googleapis.com/v1/projects/the-economist-reader/services/firebaseapphosting.googleapis.com x-goog-quota-user=projects/the-economist-reader
[debug] [2026-01-18T17:32:52.658Z] >>> [apiv2][query] GET https://serviceusage.googleapis.com/v1/projects/the-economist-reader/services/firebaseio.com [none]
[debug] [2026-01-18T17:32:52.658Z] >>> [apiv2][(partial)header] GET https://serviceusage.googleapis.com/v1/projects/the-economist-reader/services/firebaseio.com x-goog-quota-user=projects/the-economist-reader
[debug] [2026-01-18T17:32:52.713Z] No OAuth tokens found
[debug] [2026-01-18T17:32:52.713Z] >>> [apiv2][query] GET https://serviceusage.googleapis.com/v1/projects/the-economist-reader/services/firebaseappdistribution.googleapis.com [none]
[debug] [2026-01-18T17:32:52.713Z] >>> [apiv2][(partial)header] GET https://serviceusage.googleapis.com/v1/projects/the-economist-reader/services/firebaseappdistribution.googleapis.com x-goog-quota-user=projects/the-economist-reader
[debug] [2026-01-18T17:32:52.723Z] <<< [apiv2][status] GET https://cloudbilling.googleapis.com/v1/projects/the-economist-reader/billingInfo 200
[debug] [2026-01-18T17:32:52.723Z] <<< [apiv2][body] GET https://cloudbilling.googleapis.com/v1/projects/the-economist-reader/billingInfo {"name":"projects/the-economist-reader/billingInfo","projectId":"the-economist-reader","billingAccountName":"","billingEnabled":false}
[debug] [2026-01-18T17:32:52.723Z] No OAuth tokens found
[debug] [2026-01-18T17:32:52.724Z] No OAuth tokens found
[debug] [2026-01-18T17:32:52.724Z] No OAuth tokens found
[debug] [2026-01-18T17:32:52.724Z] No OAuth tokens found
[debug] [2026-01-18T17:32:52.724Z] No OAuth tokens found
[debug] [2026-01-18T17:32:52.724Z] No OAuth tokens found
[debug] [2026-01-18T17:32:52.724Z] No OAuth tokens found
[debug] [2026-01-18T17:32:52.726Z] No OAuth tokens found
[debug] [2026-01-18T17:32:52.726Z] No OAuth tokens found
[debug] [2026-01-18T17:32:52.726Z] >>> [apiv2][query] GET https://serviceusage.googleapis.com/v1/projects/the-economist-reader/services/firestore.googleapis.com [none]
[debug] [2026-01-18T17:32:52.726Z] >>> [apiv2][(partial)header] GET https://serviceusage.googleapis.com/v1/projects/the-economist-reader/services/firestore.googleapis.com x-goog-quota-user=projects/the-economist-reader
[debug] [2026-01-18T17:32:52.727Z] >>> [apiv2][query] GET https://serviceusage.googleapis.com/v1/projects/the-economist-reader/services/storage.googleapis.com [none]
[debug] [2026-01-18T17:32:52.727Z] >>> [apiv2][(partial)header] GET https://serviceusage.googleapis.com/v1/projects/the-economist-reader/services/storage.googleapis.com x-goog-quota-user=projects/the-economist-reader
[debug] [2026-01-18T17:32:52.728Z] >>> [apiv2][query] GET https://serviceusage.googleapis.com/v1/projects/the-economist-reader/services/firebasedataconnect.googleapis.com [none]
[debug] [2026-01-18T17:32:52.728Z] >>> [apiv2][(partial)header] GET https://serviceusage.googleapis.com/v1/projects/the-economist-reader/services/firebasedataconnect.googleapis.com x-goog-quota-user=projects/the-economist-reader
[debug] [2026-01-18T17:32:52.728Z] >>> [apiv2][query] GET https://serviceusage.googleapis.com/v1/projects/the-economist-reader/services/identitytoolkit.googleapis.com [none]
[debug] [2026-01-18T17:32:52.728Z] >>> [apiv2][(partial)header] GET https://serviceusage.googleapis.com/v1/projects/the-economist-reader/services/identitytoolkit.googleapis.com x-goog-quota-user=projects/the-economist-reader
[debug] [2026-01-18T17:32:52.728Z] >>> [apiv2][query] GET https://serviceusage.googleapis.com/v1/projects/the-economist-reader/services/fcm.googleapis.com [none]
[debug] [2026-01-18T17:32:52.728Z] >>> [apiv2][(partial)header] GET https://serviceusage.googleapis.com/v1/projects/the-economist-reader/services/fcm.googleapis.com x-goog-quota-user=projects/the-economist-reader
[debug] [2026-01-18T17:32:52.729Z] >>> [apiv2][query] GET https://serviceusage.googleapis.com/v1/projects/the-economist-reader/services/cloudfunctions.googleapis.com [none]
[debug] [2026-01-18T17:32:52.729Z] >>> [apiv2][(partial)header] GET https://serviceusage.googleapis.com/v1/projects/the-economist-reader/services/cloudfunctions.googleapis.com x-goog-quota-user=projects/the-economist-reader
[debug] [2026-01-18T17:32:52.729Z] >>> [apiv2][query] GET https://serviceusage.googleapis.com/v1/projects/the-economist-reader/services/firebaseremoteconfig.googleapis.com [none]
[debug] [2026-01-18T17:32:52.729Z] >>> [apiv2][(partial)header] GET https://serviceusage.googleapis.com/v1/projects/the-economist-reader/services/firebaseremoteconfig.googleapis.com x-goog-quota-user=projects/the-economist-reader
[debug] [2026-01-18T17:32:52.730Z] >>> [apiv2][query] GET https://serviceusage.googleapis.com/v1/projects/the-economist-reader/services/firebaseapphosting.googleapis.com [none]
[debug] [2026-01-18T17:32:52.730Z] >>> [apiv2][(partial)header] GET https://serviceusage.googleapis.com/v1/projects/the-economist-reader/services/firebaseapphosting.googleapis.com x-goog-quota-user=projects/the-economist-reader
[debug] [2026-01-18T17:32:52.730Z] >>> [apiv2][query] GET https://serviceusage.googleapis.com/v1/projects/the-economist-reader/services/firebaseio.com [none]
[debug] [2026-01-18T17:32:52.730Z] >>> [apiv2][(partial)header] GET https://serviceusage.googleapis.com/v1/projects/the-economist-reader/services/firebaseio.com x-goog-quota-user=projects/the-economist-reader
[debug] [2026-01-18T17:32:52.787Z] No OAuth tokens found
[debug] [2026-01-18T17:32:52.787Z] >>> [apiv2][query] GET https://serviceusage.googleapis.com/v1/projects/the-economist-reader/services/firebaseappdistribution.googleapis.com [none]
[debug] [2026-01-18T17:32:52.787Z] >>> [apiv2][(partial)header] GET https://serviceusage.googleapis.com/v1/projects/the-economist-reader/services/firebaseappdistribution.googleapis.com x-goog-quota-user=projects/the-economist-reader
[debug] [2026-01-18T17:32:53.000Z] <<< [apiv2][status] GET https://serviceusage.googleapis.com/v1/projects/the-economist-reader/services/fcm.googleapis.com 403
[debug] [2026-01-18T17:32:53.000Z] <<< [apiv2][body] GET https://serviceusage.googleapis.com/v1/projects/the-economist-reader/services/fcm.googleapis.com [omitted]
[debug] [2026-01-18T17:32:53.293Z] <<< [apiv2][status] GET https://serviceusage.googleapis.com/v1/projects/the-economist-reader/services/storage.googleapis.com 403
[debug] [2026-01-18T17:32:53.293Z] <<< [apiv2][body] GET https://serviceusage.googleapis.com/v1/projects/the-economist-reader/services/storage.googleapis.com [omitted]
[debug] [2026-01-18T17:32:53.312Z] <<< [apiv2][status] GET https://serviceusage.googleapis.com/v1/projects/the-economist-reader/services/firestore.googleapis.com 403
[debug] [2026-01-18T17:32:53.312Z] <<< [apiv2][body] GET https://serviceusage.googleapis.com/v1/projects/the-economist-reader/services/firestore.googleapis.com [omitted]
[debug] [2026-01-18T17:32:53.313Z] <<< [apiv2][status] GET https://serviceusage.googleapis.com/v1/projects/the-economist-reader/services/firebasedataconnect.googleapis.com 403
[debug] [2026-01-18T17:32:53.313Z] <<< [apiv2][body] GET https://serviceusage.googleapis.com/v1/projects/the-economist-reader/services/firebasedataconnect.googleapis.com [omitted]
[debug] [2026-01-18T17:32:53.314Z] <<< [apiv2][status] GET https://serviceusage.googleapis.com/v1/projects/the-economist-reader/services/identitytoolkit.googleapis.com 403
[debug] [2026-01-18T17:32:53.314Z] <<< [apiv2][body] GET https://serviceusage.googleapis.com/v1/projects/the-economist-reader/services/identitytoolkit.googleapis.com [omitted]
[debug] [2026-01-18T17:32:53.345Z] <<< [apiv2][status] GET https://serviceusage.googleapis.com/v1/projects/the-economist-reader/services/cloudfunctions.googleapis.com 403
[debug] [2026-01-18T17:32:53.346Z] <<< [apiv2][body] GET https://serviceusage.googleapis.com/v1/projects/the-economist-reader/services/cloudfunctions.googleapis.com [omitted]
[debug] [2026-01-18T17:32:53.353Z] <<< [apiv2][status] GET https://serviceusage.googleapis.com/v1/projects/the-economist-reader/services/firebaseapphosting.googleapis.com 403
[debug] [2026-01-18T17:32:53.353Z] <<< [apiv2][body] GET https://serviceusage.googleapis.com/v1/projects/the-economist-reader/services/firebaseapphosting.googleapis.com [omitted]
[debug] [2026-01-18T17:32:53.364Z] <<< [apiv2][status] GET https://serviceusage.googleapis.com/v1/projects/the-economist-reader/services/firebaseremoteconfig.googleapis.com 403
[debug] [2026-01-18T17:32:53.364Z] <<< [apiv2][body] GET https://serviceusage.googleapis.com/v1/projects/the-economist-reader/services/firebaseremoteconfig.googleapis.com [omitted]
[debug] [2026-01-18T17:32:53.416Z] <<< [apiv2][status] GET https://serviceusage.googleapis.com/v1/projects/the-economist-reader/services/firebasedataconnect.googleapis.com 403
[debug] [2026-01-18T17:32:53.416Z] <<< [apiv2][body] GET https://serviceusage.googleapis.com/v1/projects/the-economist-reader/services/firebasedataconnect.googleapis.com [omitted]
[debug] [2026-01-18T17:32:53.422Z] <<< [apiv2][status] GET https://serviceusage.googleapis.com/v1/projects/the-economist-reader/services/firebaseappdistribution.googleapis.com 403
[debug] [2026-01-18T17:32:53.423Z] <<< [apiv2][body] GET https://serviceusage.googleapis.com/v1/projects/the-economist-reader/services/firebaseappdistribution.googleapis.com [omitted]
[debug] [2026-01-18T17:32:53.431Z] <<< [apiv2][status] GET https://serviceusage.googleapis.com/v1/projects/the-economist-reader/services/firebaseio.com 403
[debug] [2026-01-18T17:32:53.431Z] <<< [apiv2][body] GET https://serviceusage.googleapis.com/v1/projects/the-economist-reader/services/firebaseio.com [omitted]
[debug] [2026-01-18T17:32:53.432Z] > command requires scopes: ["email","openid","https://www.googleapis.com/auth/cloudplatformprojects.readonly","https://www.googleapis.com/auth/firebase","https://www.googleapis.com/auth/cloud-platform"]
[debug] [2026-01-18T17:32:53.432Z] Running auto auth
[debug] [2026-01-18T17:32:53.432Z] No OAuth tokens found
[debug] [2026-01-18T17:32:53.432Z] >>> [apiv2][query] GET https://cloudbilling.googleapis.com/v1/projects/the-economist-reader/billingInfo [none]
[debug] [2026-01-18T17:32:53.462Z] <<< [apiv2][status] GET https://serviceusage.googleapis.com/v1/projects/the-economist-reader/services/storage.googleapis.com 403
[debug] [2026-01-18T17:32:53.462Z] <<< [apiv2][body] GET https://serviceusage.googleapis.com/v1/projects/the-economist-reader/services/storage.googleapis.com [omitted]
[debug] [2026-01-18T17:32:53.484Z] <<< [apiv2][status] GET https://serviceusage.googleapis.com/v1/projects/the-economist-reader/services/firestore.googleapis.com 403
[debug] [2026-01-18T17:32:53.484Z] <<< [apiv2][body] GET https://serviceusage.googleapis.com/v1/projects/the-economist-reader/services/firestore.googleapis.com [omitted]
[debug] [2026-01-18T17:32:53.495Z] <<< [apiv2][status] GET https://serviceusage.googleapis.com/v1/projects/the-economist-reader/services/cloudfunctions.googleapis.com 403
[debug] [2026-01-18T17:32:53.495Z] <<< [apiv2][body] GET https://serviceusage.googleapis.com/v1/projects/the-economist-reader/services/cloudfunctions.googleapis.com [omitted]
[debug] [2026-01-18T17:32:53.518Z] <<< [apiv2][status] GET https://serviceusage.googleapis.com/v1/projects/the-economist-reader/services/firebaseapphosting.googleapis.com 403
[debug] [2026-01-18T17:32:53.518Z] <<< [apiv2][body] GET https://serviceusage.googleapis.com/v1/projects/the-economist-reader/services/firebaseapphosting.googleapis.com [omitted]
[debug] [2026-01-18T17:32:53.520Z] <<< [apiv2][status] GET https://serviceusage.googleapis.com/v1/projects/the-economist-reader/services/firebaseremoteconfig.googleapis.com 403
[debug] [2026-01-18T17:32:53.520Z] <<< [apiv2][body] GET https://serviceusage.googleapis.com/v1/projects/the-economist-reader/services/firebaseremoteconfig.googleapis.com [omitted]
[debug] [2026-01-18T17:32:53.546Z] <<< [apiv2][status] GET https://serviceusage.googleapis.com/v1/projects/the-economist-reader/services/fcm.googleapis.com 403
[debug] [2026-01-18T17:32:53.546Z] <<< [apiv2][body] GET https://serviceusage.googleapis.com/v1/projects/the-economist-reader/services/fcm.googleapis.com [omitted]
[debug] [2026-01-18T17:32:53.877Z] <<< [apiv2][status] GET https://serviceusage.googleapis.com/v1/projects/the-economist-reader/services/identitytoolkit.googleapis.com 403
[debug] [2026-01-18T17:32:53.877Z] <<< [apiv2][body] GET https://serviceusage.googleapis.com/v1/projects/the-economist-reader/services/identitytoolkit.googleapis.com [omitted]
[debug] [2026-01-18T17:32:53.995Z] <<< [apiv2][status] GET https://serviceusage.googleapis.com/v1/projects/the-economist-reader/services/firebaseappdistribution.googleapis.com 403
[debug] [2026-01-18T17:32:53.996Z] <<< [apiv2][body] GET https://serviceusage.googleapis.com/v1/projects/the-economist-reader/services/firebaseappdistribution.googleapis.com [omitted]
[debug] [2026-01-18T17:32:53.997Z] <<< [apiv2][status] GET https://serviceusage.googleapis.com/v1/projects/the-economist-reader/services/firebaseio.com 403
[debug] [2026-01-18T17:32:53.997Z] <<< [apiv2][body] GET https://serviceusage.googleapis.com/v1/projects/the-economist-reader/services/firebaseio.com [omitted]
[debug] [2026-01-18T17:32:54.020Z] <<< [apiv2][status] GET https://cloudbilling.googleapis.com/v1/projects/the-economist-reader/billingInfo 200
[debug] [2026-01-18T17:32:54.021Z] <<< [apiv2][body] GET https://cloudbilling.googleapis.com/v1/projects/the-economist-reader/billingInfo {"name":"projects/the-economist-reader/billingInfo","projectId":"the-economist-reader","billingAccountName":"","billingEnabled":false}
[debug] [2026-01-18T17:32:54.021Z] > command requires scopes: ["email","openid","https://www.googleapis.com/auth/cloudplatformprojects.readonly","https://www.googleapis.com/auth/firebase","https://www.googleapis.com/auth/cloud-platform"]
[debug] [2026-01-18T17:32:54.022Z] Running auto auth
[debug] [2026-01-18T17:32:54.024Z] > command requires scopes: ["email","openid","https://www.googleapis.com/auth/cloudplatformprojects.readonly","https://www.googleapis.com/auth/firebase","https://www.googleapis.com/auth/cloud-platform"]
[debug] [2026-01-18T17:32:54.024Z] Running auto auth
[debug] [2026-01-18T17:32:54.024Z] No OAuth tokens found
[debug] [2026-01-18T17:32:54.024Z] >>> [apiv2][query] GET https://cloudbilling.googleapis.com/v1/projects/the-economist-reader/billingInfo [none]
[debug] [2026-01-18T17:32:54.575Z] <<< [apiv2][status] GET https://cloudbilling.googleapis.com/v1/projects/the-economist-reader/billingInfo 200
[debug] [2026-01-18T17:32:54.576Z] <<< [apiv2][body] GET https://cloudbilling.googleapis.com/v1/projects/the-economist-reader/billingInfo {"name":"projects/the-economist-reader/billingInfo","projectId":"the-economist-reader","billingAccountName":"","billingEnabled":false}
[debug] [2026-01-18T17:32:54.577Z] > command requires scopes: ["email","openid","https://www.googleapis.com/auth/cloudplatformprojects.readonly","https://www.googleapis.com/auth/firebase","https://www.googleapis.com/auth/cloud-platform"]
[debug] [2026-01-18T17:32:54.577Z] Running auto auth
[debug] [2026-01-18T18:01:00.730Z] > command requires scopes: ["email","openid","https://www.googleapis.com/auth/cloudplatformprojects.readonly","https://www.googleapis.com/auth/firebase","https://www.googleapis.com/auth/cloud-platform"]
[debug] [2026-01-18T18:01:00.733Z] > command requires scopes: ["email","openid","https://www.googleapis.com/auth/cloudplatformprojects.readonly","https://www.googleapis.com/auth/firebase","https://www.googleapis.com/auth/cloud-platform"]
[debug] [2026-01-18T18:01:00.844Z] Running auto auth
[debug] [2026-01-18T18:01:00.844Z] Running auto auth
[debug] [2026-01-18T18:01:00.845Z] No OAuth tokens found
[debug] [2026-01-18T18:01:00.846Z] No OAuth tokens found
[debug] [2026-01-18T18:01:00.846Z] >>> [apiv2][query] GET https://cloudbilling.googleapis.com/v1/projects/the-economist-reader/billingInfo [none]
[debug] [2026-01-18T18:01:00.848Z] >>> [apiv2][query] GET https://cloudbilling.googleapis.com/v1/projects/the-economist-reader/billingInfo [none]
[debug] [2026-01-18T18:01:01.472Z] <<< [apiv2][status] GET https://cloudbilling.googleapis.com/v1/projects/the-economist-reader/billingInfo 200
[debug] [2026-01-18T18:01:01.473Z] <<< [apiv2][body] GET https://cloudbilling.googleapis.com/v1/projects/the-economist-reader/billingInfo {"name":"projects/the-economist-reader/billingInfo","projectId":"the-economist-reader","billingAccountName":"","billingEnabled":false}
[debug] [2026-01-18T18:01:01.529Z] No OAuth tokens found
[debug] [2026-01-18T18:01:01.529Z] No OAuth tokens found
[debug] [2026-01-18T18:01:01.529Z] No OAuth tokens found
[debug] [2026-01-18T18:01:01.530Z] No OAuth tokens found
[debug] [2026-01-18T18:01:01.530Z] No OAuth tokens found
[debug] [2026-01-18T18:01:01.530Z] No OAuth tokens found
[debug] [2026-01-18T18:01:01.530Z] No OAuth tokens found
[debug] [2026-01-18T18:01:01.538Z] No OAuth tokens found
[debug] [2026-01-18T18:01:01.538Z] No OAuth tokens found
[debug] [2026-01-18T18:01:01.538Z] >>> [apiv2][query] GET https://serviceusage.googleapis.com/v1/projects/the-economist-reader/services/firestore.googleapis.com [none]
[debug] [2026-01-18T18:01:01.538Z] >>> [apiv2][(partial)header] GET https://serviceusage.googleapis.com/v1/projects/the-economist-reader/services/firestore.googleapis.com x-goog-quota-user=projects/the-economist-reader
[debug] [2026-01-18T18:01:01.539Z] >>> [apiv2][query] GET https://serviceusage.googleapis.com/v1/projects/the-economist-reader/services/storage.googleapis.com [none]
[debug] [2026-01-18T18:01:01.539Z] >>> [apiv2][(partial)header] GET https://serviceusage.googleapis.com/v1/projects/the-economist-reader/services/storage.googleapis.com x-goog-quota-user=projects/the-economist-reader
[debug] [2026-01-18T18:01:01.540Z] >>> [apiv2][query] GET https://serviceusage.googleapis.com/v1/projects/the-economist-reader/services/firebasedataconnect.googleapis.com [none]
[debug] [2026-01-18T18:01:01.540Z] >>> [apiv2][(partial)header] GET https://serviceusage.googleapis.com/v1/projects/the-economist-reader/services/firebasedataconnect.googleapis.com x-goog-quota-user=projects/the-economist-reader
[debug] [2026-01-18T18:01:01.541Z] >>> [apiv2][query] GET https://serviceusage.googleapis.com/v1/projects/the-economist-reader/services/identitytoolkit.googleapis.com [none]
[debug] [2026-01-18T18:01:01.541Z] >>> [apiv2][(partial)header] GET https://serviceusage.googleapis.com/v1/projects/the-economist-reader/services/identitytoolkit.googleapis.com x-goog-quota-user=projects/the-economist-reader
[debug] [2026-01-18T18:01:01.542Z] >>> [apiv2][query] GET https://serviceusage.googleapis.com/v1/projects/the-economist-reader/services/fcm.googleapis.com [none]
[debug] [2026-01-18T18:01:01.542Z] >>> [apiv2][(partial)header] GET https://serviceusage.googleapis.com/v1/projects/the-economist-reader/services/fcm.googleapis.com x-goog-quota-user=projects/the-economist-reader
[debug] [2026-01-18T18:01:01.542Z] >>> [apiv2][query] GET https://serviceusage.googleapis.com/v1/projects/the-economist-reader/services/cloudfunctions.googleapis.com [none]
[debug] [2026-01-18T18:01:01.542Z] >>> [apiv2][(partial)header] GET https://serviceusage.googleapis.com/v1/projects/the-economist-reader/services/cloudfunctions.googleapis.com x-goog-quota-user=projects/the-economist-reader
[debug] [2026-01-18T18:01:01.544Z] >>> [apiv2][query] GET https://serviceusage.googleapis.com/v1/projects/the-economist-reader/services/firebaseremoteconfig.googleapis.com [none]
[debug] [2026-01-18T18:01:01.544Z] >>> [apiv2][(partial)header] GET https://serviceusage.googleapis.com/v1/projects/the-economist-reader/services/firebaseremoteconfig.googleapis.com x-goog-quota-user=projects/the-economist-reader
[debug] [2026-01-18T18:01:01.545Z] >>> [apiv2][query] GET https://serviceusage.googleapis.com/v1/projects/the-economist-reader/services/firebaseapphosting.googleapis.com [none]
[debug] [2026-01-18T18:01:01.545Z] >>> [apiv2][(partial)header] GET https://serviceusage.googleapis.com/v1/projects/the-economist-reader/services/firebaseapphosting.googleapis.com x-goog-quota-user=projects/the-economist-reader
[debug] [2026-01-18T18:01:01.545Z] >>> [apiv2][query] GET https://serviceusage.googleapis.com/v1/projects/the-economist-reader/services/firebaseio.com [none]
[debug] [2026-01-18T18:01:01.545Z] >>> [apiv2][(partial)header] GET https://serviceusage.googleapis.com/v1/projects/the-economist-reader/services/firebaseio.com x-goog-quota-user=projects/the-economist-reader
[debug] [2026-01-18T18:01:01.599Z] No OAuth tokens found
[debug] [2026-01-18T18:01:01.599Z] >>> [apiv2][query] GET https://serviceusage.googleapis.com/v1/projects/the-economist-reader/services/firebaseappdistribution.googleapis.com [none]
[debug] [2026-01-18T18:01:01.599Z] >>> [apiv2][(partial)header] GET https://serviceusage.googleapis.com/v1/projects/the-economist-reader/services/firebaseappdistribution.googleapis.com x-goog-quota-user=projects/the-economist-reader
[debug] [2026-01-18T18:01:01.606Z] <<< [apiv2][status] GET https://cloudbilling.googleapis.com/v1/projects/the-economist-reader/billingInfo 200
[debug] [2026-01-18T18:01:01.606Z] <<< [apiv2][body] GET https://cloudbilling.googleapis.com/v1/projects/the-economist-reader/billingInfo {"name":"projects/the-economist-reader/billingInfo","projectId":"the-economist-reader","billingAccountName":"","billingEnabled":false}
[debug] [2026-01-18T18:01:01.606Z] No OAuth tokens found
[debug] [2026-01-18T18:01:01.606Z] No OAuth tokens found
[debug] [2026-01-18T18:01:01.606Z] No OAuth tokens found
[debug] [2026-01-18T18:01:01.607Z] No OAuth tokens found
[debug] [2026-01-18T18:01:01.607Z] No OAuth tokens found
[debug] [2026-01-18T18:01:01.607Z] No OAuth tokens found
[debug] [2026-01-18T18:01:01.607Z] No OAuth tokens found
[debug] [2026-01-18T18:01:01.609Z] No OAuth tokens found
[debug] [2026-01-18T18:01:01.609Z] No OAuth tokens found
[debug] [2026-01-18T18:01:01.609Z] >>> [apiv2][query] GET https://serviceusage.googleapis.com/v1/projects/the-economist-reader/services/firestore.googleapis.com [none]
[debug] [2026-01-18T18:01:01.609Z] >>> [apiv2][(partial)header] GET https://serviceusage.googleapis.com/v1/projects/the-economist-reader/services/firestore.googleapis.com x-goog-quota-user=projects/the-economist-reader
[debug] [2026-01-18T18:01:01.610Z] >>> [apiv2][query] GET https://serviceusage.googleapis.com/v1/projects/the-economist-reader/services/storage.googleapis.com [none]
[debug] [2026-01-18T18:01:01.610Z] >>> [apiv2][(partial)header] GET https://serviceusage.googleapis.com/v1/projects/the-economist-reader/services/storage.googleapis.com x-goog-quota-user=projects/the-economist-reader
[debug] [2026-01-18T18:01:01.610Z] >>> [apiv2][query] GET https://serviceusage.googleapis.com/v1/projects/the-economist-reader/services/firebasedataconnect.googleapis.com [none]
[debug] [2026-01-18T18:01:01.610Z] >>> [apiv2][(partial)header] GET https://serviceusage.googleapis.com/v1/projects/the-economist-reader/services/firebasedataconnect.googleapis.com x-goog-quota-user=projects/the-economist-reader
[debug] [2026-01-18T18:01:01.611Z] >>> [apiv2][query] GET https://serviceusage.googleapis.com/v1/projects/the-economist-reader/services/identitytoolkit.googleapis.com [none]
[debug] [2026-01-18T18:01:01.611Z] >>> [apiv2][(partial)header] GET https://serviceusage.googleapis.com/v1/projects/the-economist-reader/services/identitytoolkit.googleapis.com x-goog-quota-user=projects/the-economist-reader
[debug] [2026-01-18T18:01:01.611Z] >>> [apiv2][query] GET https://serviceusage.googleapis.com/v1/projects/the-economist-reader/services/fcm.googleapis.com [none]
[debug] [2026-01-18T18:01:01.611Z] >>> [apiv2][(partial)header] GET https://serviceusage.googleapis.com/v1/projects/the-economist-reader/services/fcm.googleapis.com x-goog-quota-user=projects/the-economist-reader
[debug] [2026-01-18T18:01:01.612Z] >>> [apiv2][query] GET https://serviceusage.googleapis.com/v1/projects/the-economist-reader/services/cloudfunctions.googleapis.com [none]
[debug] [2026-01-18T18:01:01.612Z] >>> [apiv2][(partial)header] GET https://serviceusage.googleapis.com/v1/projects/the-economist-reader/services/cloudfunctions.googleapis.com x-goog-quota-user=projects/the-economist-reader
[debug] [2026-01-18T18:01:01.613Z] >>> [apiv2][query] GET https://serviceusage.googleapis.com/v1/projects/the-economist-reader/services/firebaseremoteconfig.googleapis.com [none]
[debug] [2026-01-18T18:01:01.613Z] >>> [apiv2][(partial)header] GET https://serviceusage.googleapis.com/v1/projects/the-economist-reader/services/firebaseremoteconfig.googleapis.com x-goog-quota-user=projects/the-economist-reader
[debug] [2026-01-18T18:01:01.613Z] >>> [apiv2][query] GET https://serviceusage.googleapis.com/v1/projects/the-economist-reader/services/firebaseapphosting.googleapis.com [none]
[debug] [2026-01-18T18:01:01.613Z] >>> [apiv2][(partial)header] GET https://serviceusage.googleapis.com/v1/projects/the-economist-reader/services/firebaseapphosting.googleapis.com x-goog-quota-user=projects/the-economist-reader
[debug] [2026-01-18T18:01:01.614Z] >>> [apiv2][query] GET https://serviceusage.googleapis.com/v1/projects/the-economist-reader/services/firebaseio.com [none]
[debug] [2026-01-18T18:01:01.614Z] >>> [apiv2][(partial)header] GET https://serviceusage.googleapis.com/v1/projects/the-economist-reader/services/firebaseio.com x-goog-quota-user=projects/the-economist-reader
[debug] [2026-01-18T18:01:01.662Z] No OAuth tokens found
[debug] [2026-01-18T18:01:01.663Z] >>> [apiv2][query] GET https://serviceusage.googleapis.com/v1/projects/the-economist-reader/services/firebaseappdistribution.googleapis.com [none]
[debug] [2026-01-18T18:01:01.663Z] >>> [apiv2][(partial)header] GET https://serviceusage.googleapis.com/v1/projects/the-economist-reader/services/firebaseappdistribution.googleapis.com x-goog-quota-user=projects/the-economist-reader
[debug] [2026-01-18T18:01:02.177Z] <<< [apiv2][status] GET https://serviceusage.googleapis.com/v1/projects/the-economist-reader/services/storage.googleapis.com 403
[debug] [2026-01-18T18:01:02.177Z] <<< [apiv2][body] GET https://serviceusage.googleapis.com/v1/projects/the-economist-reader/services/storage.googleapis.com [omitted]
[debug] [2026-01-18T18:01:02.196Z] <<< [apiv2][status] GET https://serviceusage.googleapis.com/v1/projects/the-economist-reader/services/firebasedataconnect.googleapis.com 403
[debug] [2026-01-18T18:01:02.196Z] <<< [apiv2][body] GET https://serviceusage.googleapis.com/v1/projects/the-economist-reader/services/firebasedataconnect.googleapis.com [omitted]
[debug] [2026-01-18T18:01:02.202Z] <<< [apiv2][status] GET https://serviceusage.googleapis.com/v1/projects/the-economist-reader/services/identitytoolkit.googleapis.com 403
[debug] [2026-01-18T18:01:02.202Z] <<< [apiv2][body] GET https://serviceusage.googleapis.com/v1/projects/the-economist-reader/services/identitytoolkit.googleapis.com [omitted]
[debug] [2026-01-18T18:01:02.202Z] <<< [apiv2][status] GET https://serviceusage.googleapis.com/v1/projects/the-economist-reader/services/firestore.googleapis.com 403
[debug] [2026-01-18T18:01:02.202Z] <<< [apiv2][body] GET https://serviceusage.googleapis.com/v1/projects/the-economist-reader/services/firestore.googleapis.com [omitted]
[debug] [2026-01-18T18:01:02.216Z] <<< [apiv2][status] GET https://serviceusage.googleapis.com/v1/projects/the-economist-reader/services/fcm.googleapis.com 403
[debug] [2026-01-18T18:01:02.216Z] <<< [apiv2][body] GET https://serviceusage.googleapis.com/v1/projects/the-economist-reader/services/fcm.googleapis.com [omitted]
[debug] [2026-01-18T18:01:02.219Z] <<< [apiv2][status] GET https://serviceusage.googleapis.com/v1/projects/the-economist-reader/services/cloudfunctions.googleapis.com 403
[debug] [2026-01-18T18:01:02.220Z] <<< [apiv2][body] GET https://serviceusage.googleapis.com/v1/projects/the-economist-reader/services/cloudfunctions.googleapis.com [omitted]
[debug] [2026-01-18T18:01:02.225Z] <<< [apiv2][status] GET https://serviceusage.googleapis.com/v1/projects/the-economist-reader/services/firebaseapphosting.googleapis.com 403
[debug] [2026-01-18T18:01:02.225Z] <<< [apiv2][body] GET https://serviceusage.googleapis.com/v1/projects/the-economist-reader/services/firebaseapphosting.googleapis.com [omitted]
[debug] [2026-01-18T18:01:02.226Z] <<< [apiv2][status] GET https://serviceusage.googleapis.com/v1/projects/the-economist-reader/services/firebaseremoteconfig.googleapis.com 403
[debug] [2026-01-18T18:01:02.226Z] <<< [apiv2][body] GET https://serviceusage.googleapis.com/v1/projects/the-economist-reader/services/firebaseremoteconfig.googleapis.com [omitted]
[debug] [2026-01-18T18:01:02.234Z] <<< [apiv2][status] GET https://serviceusage.googleapis.com/v1/projects/the-economist-reader/services/firestore.googleapis.com 403
[debug] [2026-01-18T18:01:02.234Z] <<< [apiv2][body] GET https://serviceusage.googleapis.com/v1/projects/the-economist-reader/services/firestore.googleapis.com [omitted]
[debug] [2026-01-18T18:01:02.236Z] <<< [apiv2][status] GET https://serviceusage.googleapis.com/v1/projects/the-economist-reader/services/firebaseio.com 403
[debug] [2026-01-18T18:01:02.236Z] <<< [apiv2][body] GET https://serviceusage.googleapis.com/v1/projects/the-economist-reader/services/firebaseio.com [omitted]
[debug] [2026-01-18T18:01:02.238Z] <<< [apiv2][status] GET https://serviceusage.googleapis.com/v1/projects/the-economist-reader/services/firebaseappdistribution.googleapis.com 403
[debug] [2026-01-18T18:01:02.239Z] <<< [apiv2][body] GET https://serviceusage.googleapis.com/v1/projects/the-economist-reader/services/firebaseappdistribution.googleapis.com [omitted]
[debug] [2026-01-18T18:01:02.245Z] <<< [apiv2][status] GET https://serviceusage.googleapis.com/v1/projects/the-economist-reader/services/storage.googleapis.com 403
[debug] [2026-01-18T18:01:02.245Z] <<< [apiv2][body] GET https://serviceusage.googleapis.com/v1/projects/the-economist-reader/services/storage.googleapis.com [omitted]
[debug] [2026-01-18T18:01:02.249Z] <<< [apiv2][status] GET https://serviceusage.googleapis.com/v1/projects/the-economist-reader/services/identitytoolkit.googleapis.com 403
[debug] [2026-01-18T18:01:02.249Z] <<< [apiv2][body] GET https://serviceusage.googleapis.com/v1/projects/the-economist-reader/services/identitytoolkit.googleapis.com [omitted]
[debug] [2026-01-18T18:01:02.250Z] <<< [apiv2][status] GET https://serviceusage.googleapis.com/v1/projects/the-economist-reader/services/firebasedataconnect.googleapis.com 403
[debug] [2026-01-18T18:01:02.250Z] <<< [apiv2][body] GET https://serviceusage.googleapis.com/v1/projects/the-economist-reader/services/firebasedataconnect.googleapis.com [omitted]
[debug] [2026-01-18T18:01:02.258Z] <<< [apiv2][status] GET https://serviceusage.googleapis.com/v1/projects/the-economist-reader/services/fcm.googleapis.com 403
[debug] [2026-01-18T18:01:02.258Z] <<< [apiv2][body] GET https://serviceusage.googleapis.com/v1/projects/the-economist-reader/services/fcm.googleapis.com [omitted]
[debug] [2026-01-18T18:01:02.289Z] <<< [apiv2][status] GET https://serviceusage.googleapis.com/v1/projects/the-economist-reader/services/firebaseapphosting.googleapis.com 403
[debug] [2026-01-18T18:01:02.289Z] <<< [apiv2][body] GET https://serviceusage.googleapis.com/v1/projects/the-economist-reader/services/firebaseapphosting.googleapis.com [omitted]
[debug] [2026-01-18T18:01:02.289Z] <<< [apiv2][status] GET https://serviceusage.googleapis.com/v1/projects/the-economist-reader/services/cloudfunctions.googleapis.com 403
[debug] [2026-01-18T18:01:02.289Z] <<< [apiv2][body] GET https://serviceusage.googleapis.com/v1/projects/the-economist-reader/services/cloudfunctions.googleapis.com [omitted]
[debug] [2026-01-18T18:01:02.309Z] <<< [apiv2][status] GET https://serviceusage.googleapis.com/v1/projects/the-economist-reader/services/firebaseappdistribution.googleapis.com 403
[debug] [2026-01-18T18:01:02.310Z] <<< [apiv2][body] GET https://serviceusage.googleapis.com/v1/projects/the-economist-reader/services/firebaseappdistribution.googleapis.com [omitted]
[debug] [2026-01-18T18:01:02.310Z] <<< [apiv2][status] GET https://serviceusage.googleapis.com/v1/projects/the-economist-reader/services/firebaseio.com 403
[debug] [2026-01-18T18:01:02.311Z] <<< [apiv2][body] GET https://serviceusage.googleapis.com/v1/projects/the-economist-reader/services/firebaseio.com [omitted]
[debug] [2026-01-18T18:01:02.311Z] <<< [apiv2][status] GET https://serviceusage.googleapis.com/v1/projects/the-economist-reader/services/firebaseremoteconfig.googleapis.com 403
[debug] [2026-01-18T18:01:02.311Z] <<< [apiv2][body] GET https://serviceusage.googleapis.com/v1/projects/the-economist-reader/services/firebaseremoteconfig.googleapis.com [omitted]
[debug] [2026-01-18T18:01:02.312Z] > command requires scopes: ["email","openid","https://www.googleapis.com/auth/cloudplatformprojects.readonly","https://www.googleapis.com/auth/firebase","https://www.googleapis.com/auth/cloud-platform"]
[debug] [2026-01-18T18:01:02.312Z] Running auto auth
[debug] [2026-01-18T18:01:02.313Z] No OAuth tokens found
[debug] [2026-01-18T18:01:02.313Z] >>> [apiv2][query] GET https://cloudbilling.googleapis.com/v1/projects/the-economist-reader/billingInfo [none]
[debug] [2026-01-18T18:01:02.875Z] <<< [apiv2][status] GET https://cloudbilling.googleapis.com/v1/projects/the-economist-reader/billingInfo 200
[debug] [2026-01-18T18:01:02.875Z] <<< [apiv2][body] GET https://cloudbilling.googleapis.com/v1/projects/the-economist-reader/billingInfo {"name":"projects/the-economist-reader/billingInfo","projectId":"the-economist-reader","billingAccountName":"","billingEnabled":false}
[debug] [2026-01-18T18:01:02.876Z] > command requires scopes: ["email","openid","https://www.googleapis.com/auth/cloudplatformprojects.readonly","https://www.googleapis.com/auth/firebase","https://www.googleapis.com/auth/cloud-platform"]
[debug] [2026-01-18T18:01:02.876Z] Running auto auth
[debug] [2026-01-18T18:01:02.880Z] > command requires scopes: ["email","openid","https://www.googleapis.com/auth/cloudplatformprojects.readonly","https://www.googleapis.com/auth/firebase","https://www.googleapis.com/auth/cloud-platform"]
[debug] [2026-01-18T18:01:02.880Z] Running auto auth
[debug] [2026-01-18T18:01:02.880Z] No OAuth tokens found
[debug] [2026-01-18T18:01:02.880Z] >>> [apiv2][query] GET https://cloudbilling.googleapis.com/v1/projects/the-economist-reader/billingInfo [none]
[debug] [2026-01-18T18:01:03.520Z] <<< [apiv2][status] GET https://cloudbilling.googleapis.com/v1/projects/the-economist-reader/billingInfo 200
[debug] [2026-01-18T18:01:03.521Z] <<< [apiv2][body] GET https://cloudbilling.googleapis.com/v1/projects/the-economist-reader/billingInfo {"name":"projects/the-economist-reader/billingInfo","projectId":"the-economist-reader","billingAccountName":"","billingEnabled":false}
[debug] [2026-01-18T18:01:03.522Z] > command requires scopes: ["email","openid","https://www.googleapis.com/auth/cloudplatformprojects.readonly","https://www.googleapis.com/auth/firebase","https://www.googleapis.com/auth/cloud-platform"]
[debug] [2026-01-18T18:01:03.522Z] Running auto auth
[debug] [2026-01-18T18:02:32.463Z] > command requires scopes: ["email","openid","https://www.googleapis.com/auth/cloudplatformprojects.readonly","https://www.googleapis.com/auth/firebase","https://www.googleapis.com/auth/cloud-platform"]
[debug] [2026-01-18T18:02:32.465Z] > command requires scopes: ["email","openid","https://www.googleapis.com/auth/cloudplatformprojects.readonly","https://www.googleapis.com/auth/firebase","https://www.googleapis.com/auth/cloud-platform"]
[debug] [2026-01-18T18:02:32.582Z] Running auto auth
[debug] [2026-01-18T18:02:32.582Z] Running auto auth
[debug] [2026-01-18T18:02:32.583Z] No OAuth tokens found
[debug] [2026-01-18T18:02:32.583Z] No OAuth tokens found
[debug] [2026-01-18T18:02:32.584Z] >>> [apiv2][query] GET https://cloudbilling.googleapis.com/v1/projects/the-economist-reader/billingInfo [none]
[debug] [2026-01-18T18:02:32.587Z] >>> [apiv2][query] GET https://cloudbilling.googleapis.com/v1/projects/the-economist-reader/billingInfo [none]
[debug] [2026-01-18T18:02:33.369Z] <<< [apiv2][status] GET https://cloudbilling.googleapis.com/v1/projects/the-economist-reader/billingInfo 200
[debug] [2026-01-18T18:02:33.369Z] <<< [apiv2][body] GET https://cloudbilling.googleapis.com/v1/projects/the-economist-reader/billingInfo {"name":"projects/the-economist-reader/billingInfo","projectId":"the-economist-reader","billingAccountName":"","billingEnabled":false}
[debug] [2026-01-18T18:02:33.423Z] No OAuth tokens found
[debug] [2026-01-18T18:02:33.423Z] No OAuth tokens found
[debug] [2026-01-18T18:02:33.423Z] No OAuth tokens found
[debug] [2026-01-18T18:02:33.424Z] No OAuth tokens found
[debug] [2026-01-18T18:02:33.424Z] No OAuth tokens found
[debug] [2026-01-18T18:02:33.424Z] No OAuth tokens found
[debug] [2026-01-18T18:02:33.424Z] No OAuth tokens found
[debug] [2026-01-18T18:02:33.436Z] No OAuth tokens found
[debug] [2026-01-18T18:02:33.436Z] No OAuth tokens found
[debug] [2026-01-18T18:02:33.436Z] >>> [apiv2][query] GET https://serviceusage.googleapis.com/v1/projects/the-economist-reader/services/firestore.googleapis.com [none]
[debug] [2026-01-18T18:02:33.436Z] >>> [apiv2][(partial)header] GET https://serviceusage.googleapis.com/v1/projects/the-economist-reader/services/firestore.googleapis.com x-goog-quota-user=projects/the-economist-reader
[debug] [2026-01-18T18:02:33.438Z] >>> [apiv2][query] GET https://serviceusage.googleapis.com/v1/projects/the-economist-reader/services/storage.googleapis.com [none]
[debug] [2026-01-18T18:02:33.438Z] >>> [apiv2][(partial)header] GET https://serviceusage.googleapis.com/v1/projects/the-economist-reader/services/storage.googleapis.com x-goog-quota-user=projects/the-economist-reader
[debug] [2026-01-18T18:02:33.438Z] >>> [apiv2][query] GET https://serviceusage.googleapis.com/v1/projects/the-economist-reader/services/firebasedataconnect.googleapis.com [none]
[debug] [2026-01-18T18:02:33.438Z] >>> [apiv2][(partial)header] GET https://serviceusage.googleapis.com/v1/projects/the-economist-reader/services/firebasedataconnect.googleapis.com x-goog-quota-user=projects/the-economist-reader
[debug] [2026-01-18T18:02:33.440Z] >>> [apiv2][query] GET https://serviceusage.googleapis.com/v1/projects/the-economist-reader/services/identitytoolkit.googleapis.com [none]
[debug] [2026-01-18T18:02:33.440Z] >>> [apiv2][(partial)header] GET https://serviceusage.googleapis.com/v1/projects/the-economist-reader/services/identitytoolkit.googleapis.com x-goog-quota-user=projects/the-economist-reader
[debug] [2026-01-18T18:02:33.440Z] >>> [apiv2][query] GET https://serviceusage.googleapis.com/v1/projects/the-economist-reader/services/fcm.googleapis.com [none]
[debug] [2026-01-18T18:02:33.440Z] >>> [apiv2][(partial)header] GET https://serviceusage.googleapis.com/v1/projects/the-economist-reader/services/fcm.googleapis.com x-goog-quota-user=projects/the-economist-reader
[debug] [2026-01-18T18:02:33.441Z] >>> [apiv2][query] GET https://serviceusage.googleapis.com/v1/projects/the-economist-reader/services/cloudfunctions.googleapis.com [none]
[debug] [2026-01-18T18:02:33.441Z] >>> [apiv2][(partial)header] GET https://serviceusage.googleapis.com/v1/projects/the-economist-reader/services/cloudfunctions.googleapis.com x-goog-quota-user=projects/the-economist-reader
[debug] [2026-01-18T18:02:33.443Z] >>> [apiv2][query] GET https://serviceusage.googleapis.com/v1/projects/the-economist-reader/services/firebaseremoteconfig.googleapis.com [none]
[debug] [2026-01-18T18:02:33.443Z] >>> [apiv2][(partial)header] GET https://serviceusage.googleapis.com/v1/projects/the-economist-reader/services/firebaseremoteconfig.googleapis.com x-goog-quota-user=projects/the-economist-reader
[debug] [2026-01-18T18:02:33.444Z] >>> [apiv2][query] GET https://serviceusage.googleapis.com/v1/projects/the-economist-reader/services/firebaseapphosting.googleapis.com [none]
[debug] [2026-01-18T18:02:33.444Z] >>> [apiv2][(partial)header] GET https://serviceusage.googleapis.com/v1/projects/the-economist-reader/services/firebaseapphosting.googleapis.com x-goog-quota-user=projects/the-economist-reader
[debug] [2026-01-18T18:02:33.444Z] >>> [apiv2][query] GET https://serviceusage.googleapis.com/v1/projects/the-economist-reader/services/firebaseio.com [none]
[debug] [2026-01-18T18:02:33.444Z] >>> [apiv2][(partial)header] GET https://serviceusage.googleapis.com/v1/projects/the-economist-reader/services/firebaseio.com x-goog-quota-user=projects/the-economist-reader
[debug] [2026-01-18T18:02:33.496Z] <<< [apiv2][status] GET https://cloudbilling.googleapis.com/v1/projects/the-economist-reader/billingInfo 200
[debug] [2026-01-18T18:02:33.496Z] <<< [apiv2][body] GET https://cloudbilling.googleapis.com/v1/projects/the-economist-reader/billingInfo {"name":"projects/the-economist-reader/billingInfo","projectId":"the-economist-reader","billingAccountName":"","billingEnabled":false}
[debug] [2026-01-18T18:02:33.496Z] No OAuth tokens found
[debug] [2026-01-18T18:02:33.496Z] No OAuth tokens found
[debug] [2026-01-18T18:02:33.496Z] No OAuth tokens found
[debug] [2026-01-18T18:02:33.497Z] No OAuth tokens found
[debug] [2026-01-18T18:02:33.497Z] No OAuth tokens found
[debug] [2026-01-18T18:02:33.497Z] No OAuth tokens found
[debug] [2026-01-18T18:02:33.497Z] No OAuth tokens found
[debug] [2026-01-18T18:02:33.503Z] No OAuth tokens found
[debug] [2026-01-18T18:02:33.504Z] No OAuth tokens found
[debug] [2026-01-18T18:02:33.504Z] >>> [apiv2][query] GET https://serviceusage.googleapis.com/v1/projects/the-economist-reader/services/firestore.googleapis.com [none]
[debug] [2026-01-18T18:02:33.504Z] >>> [apiv2][(partial)header] GET https://serviceusage.googleapis.com/v1/projects/the-economist-reader/services/firestore.googleapis.com x-goog-quota-user=projects/the-economist-reader
[debug] [2026-01-18T18:02:33.505Z] >>> [apiv2][query] GET https://serviceusage.googleapis.com/v1/projects/the-economist-reader/services/storage.googleapis.com [none]
[debug] [2026-01-18T18:02:33.505Z] >>> [apiv2][(partial)header] GET https://serviceusage.googleapis.com/v1/projects/the-economist-reader/services/storage.googleapis.com x-goog-quota-user=projects/the-economist-reader
[debug] [2026-01-18T18:02:33.506Z] >>> [apiv2][query] GET https://serviceusage.googleapis.com/v1/projects/the-economist-reader/services/firebasedataconnect.googleapis.com [none]
[debug] [2026-01-18T18:02:33.506Z] >>> [apiv2][(partial)header] GET https://serviceusage.googleapis.com/v1/projects/the-economist-reader/services/firebasedataconnect.googleapis.com x-goog-quota-user=projects/the-economist-reader
[debug] [2026-01-18T18:02:33.506Z] >>> [apiv2][query] GET https://serviceusage.googleapis.com/v1/projects/the-economist-reader/services/identitytoolkit.googleapis.com [none]
[debug] [2026-01-18T18:02:33.506Z] >>> [apiv2][(partial)header] GET https://serviceusage.googleapis.com/v1/projects/the-economist-reader/services/identitytoolkit.googleapis.com x-goog-quota-user=projects/the-economist-reader
[debug] [2026-01-18T18:02:33.507Z] >>> [apiv2][query] GET https://serviceusage.googleapis.com/v1/projects/the-economist-reader/services/fcm.googleapis.com [none]
[debug] [2026-01-18T18:02:33.507Z] >>> [apiv2][(partial)header] GET https://serviceusage.googleapis.com/v1/projects/the-economist-reader/services/fcm.googleapis.com x-goog-quota-user=projects/the-economist-reader
[debug] [2026-01-18T18:02:33.508Z] >>> [apiv2][query] GET https://serviceusage.googleapis.com/v1/projects/the-economist-reader/services/cloudfunctions.googleapis.com [none]
[debug] [2026-01-18T18:02:33.508Z] >>> [apiv2][(partial)header] GET https://serviceusage.googleapis.com/v1/projects/the-economist-reader/services/cloudfunctions.googleapis.com x-goog-quota-user=projects/the-economist-reader
[debug] [2026-01-18T18:02:33.509Z] >>> [apiv2][query] GET https://serviceusage.googleapis.com/v1/projects/the-economist-reader/services/firebaseremoteconfig.googleapis.com [none]
[debug] [2026-01-18T18:02:33.509Z] >>> [apiv2][(partial)header] GET https://serviceusage.googleapis.com/v1/projects/the-economist-reader/services/firebaseremoteconfig.googleapis.com x-goog-quota-user=projects/the-economist-reader
[debug] [2026-01-18T18:02:33.509Z] >>> [apiv2][query] GET https://serviceusage.googleapis.com/v1/projects/the-economist-reader/services/firebaseapphosting.googleapis.com [none]
[debug] [2026-01-18T18:02:33.509Z] >>> [apiv2][(partial)header] GET https://serviceusage.googleapis.com/v1/projects/the-economist-reader/services/firebaseapphosting.googleapis.com x-goog-quota-user=projects/the-economist-reader
[debug] [2026-01-18T18:02:33.510Z] >>> [apiv2][query] GET https://serviceusage.googleapis.com/v1/projects/the-economist-reader/services/firebaseio.com [none]
[debug] [2026-01-18T18:02:33.510Z] >>> [apiv2][(partial)header] GET https://serviceusage.googleapis.com/v1/projects/the-economist-reader/services/firebaseio.com x-goog-quota-user=projects/the-economist-reader
[debug] [2026-01-18T18:02:33.555Z] No OAuth tokens found
[debug] [2026-01-18T18:02:33.555Z] >>> [apiv2][query] GET https://serviceusage.googleapis.com/v1/projects/the-economist-reader/services/firebaseappdistribution.googleapis.com [none]
[debug] [2026-01-18T18:02:33.556Z] >>> [apiv2][(partial)header] GET https://serviceusage.googleapis.com/v1/projects/the-economist-reader/services/firebaseappdistribution.googleapis.com x-goog-quota-user=projects/the-economist-reader
[debug] [2026-01-18T18:02:33.622Z] No OAuth tokens found
[debug] [2026-01-18T18:02:33.622Z] >>> [apiv2][query] GET https://serviceusage.googleapis.com/v1/projects/the-economist-reader/services/firebaseappdistribution.googleapis.com [none]
[debug] [2026-01-18T18:02:33.622Z] >>> [apiv2][(partial)header] GET https://serviceusage.googleapis.com/v1/projects/the-economist-reader/services/firebaseappdistribution.googleapis.com x-goog-quota-user=projects/the-economist-reader
[debug] [2026-01-18T18:02:33.708Z] <<< [apiv2][status] GET https://serviceusage.googleapis.com/v1/projects/the-economist-reader/services/firebasedataconnect.googleapis.com 403
[debug] [2026-01-18T18:02:33.708Z] <<< [apiv2][body] GET https://serviceusage.googleapis.com/v1/projects/the-economist-reader/services/firebasedataconnect.googleapis.com [omitted]
[debug] [2026-01-18T18:02:33.735Z] <<< [apiv2][status] GET https://serviceusage.googleapis.com/v1/projects/the-economist-reader/services/firebaseio.com 403
[debug] [2026-01-18T18:02:33.735Z] <<< [apiv2][body] GET https://serviceusage.googleapis.com/v1/projects/the-economist-reader/services/firebaseio.com [omitted]
[debug] [2026-01-18T18:02:34.086Z] <<< [apiv2][status] GET https://serviceusage.googleapis.com/v1/projects/the-economist-reader/services/firestore.googleapis.com 403
[debug] [2026-01-18T18:02:34.087Z] <<< [apiv2][body] GET https://serviceusage.googleapis.com/v1/projects/the-economist-reader/services/firestore.googleapis.com [omitted]
[debug] [2026-01-18T18:02:34.088Z] <<< [apiv2][status] GET https://serviceusage.googleapis.com/v1/projects/the-economist-reader/services/storage.googleapis.com 403
[debug] [2026-01-18T18:02:34.088Z] <<< [apiv2][body] GET https://serviceusage.googleapis.com/v1/projects/the-economist-reader/services/storage.googleapis.com [omitted]
[debug] [2026-01-18T18:02:34.092Z] <<< [apiv2][status] GET https://serviceusage.googleapis.com/v1/projects/the-economist-reader/services/firebasedataconnect.googleapis.com 403
[debug] [2026-01-18T18:02:34.092Z] <<< [apiv2][body] GET https://serviceusage.googleapis.com/v1/projects/the-economist-reader/services/firebasedataconnect.googleapis.com [omitted]
[debug] [2026-01-18T18:02:34.099Z] <<< [apiv2][status] GET https://serviceusage.googleapis.com/v1/projects/the-economist-reader/services/identitytoolkit.googleapis.com 403
[debug] [2026-01-18T18:02:34.099Z] <<< [apiv2][body] GET https://serviceusage.googleapis.com/v1/projects/the-economist-reader/services/identitytoolkit.googleapis.com [omitted]
[debug] [2026-01-18T18:02:34.107Z] <<< [apiv2][status] GET https://serviceusage.googleapis.com/v1/projects/the-economist-reader/services/fcm.googleapis.com 403
[debug] [2026-01-18T18:02:34.108Z] <<< [apiv2][body] GET https://serviceusage.googleapis.com/v1/projects/the-economist-reader/services/fcm.googleapis.com [omitted]
[debug] [2026-01-18T18:02:34.115Z] <<< [apiv2][status] GET https://serviceusage.googleapis.com/v1/projects/the-economist-reader/services/cloudfunctions.googleapis.com 403
[debug] [2026-01-18T18:02:34.115Z] <<< [apiv2][body] GET https://serviceusage.googleapis.com/v1/projects/the-economist-reader/services/cloudfunctions.googleapis.com [omitted]
[debug] [2026-01-18T18:02:34.128Z] <<< [apiv2][status] GET https://serviceusage.googleapis.com/v1/projects/the-economist-reader/services/firebaseapphosting.googleapis.com 403
[debug] [2026-01-18T18:02:34.128Z] <<< [apiv2][body] GET https://serviceusage.googleapis.com/v1/projects/the-economist-reader/services/firebaseapphosting.googleapis.com [omitted]
[debug] [2026-01-18T18:02:34.132Z] <<< [apiv2][status] GET https://serviceusage.googleapis.com/v1/projects/the-economist-reader/services/firebaseremoteconfig.googleapis.com 403
[debug] [2026-01-18T18:02:34.132Z] <<< [apiv2][body] GET https://serviceusage.googleapis.com/v1/projects/the-economist-reader/services/firebaseremoteconfig.googleapis.com [omitted]
[debug] [2026-01-18T18:02:34.145Z] <<< [apiv2][status] GET https://serviceusage.googleapis.com/v1/projects/the-economist-reader/services/firebaseio.com 403
[debug] [2026-01-18T18:02:34.146Z] <<< [apiv2][body] GET https://serviceusage.googleapis.com/v1/projects/the-economist-reader/services/firebaseio.com [omitted]
[debug] [2026-01-18T18:02:34.146Z] <<< [apiv2][status] GET https://serviceusage.googleapis.com/v1/projects/the-economist-reader/services/storage.googleapis.com 403
[debug] [2026-01-18T18:02:34.146Z] <<< [apiv2][body] GET https://serviceusage.googleapis.com/v1/projects/the-economist-reader/services/storage.googleapis.com [omitted]
[debug] [2026-01-18T18:02:34.154Z] <<< [apiv2][status] GET https://serviceusage.googleapis.com/v1/projects/the-economist-reader/services/firestore.googleapis.com 403
[debug] [2026-01-18T18:02:34.154Z] <<< [apiv2][body] GET https://serviceusage.googleapis.com/v1/projects/the-economist-reader/services/firestore.googleapis.com [omitted]
[debug] [2026-01-18T18:02:34.163Z] <<< [apiv2][status] GET https://serviceusage.googleapis.com/v1/projects/the-economist-reader/services/identitytoolkit.googleapis.com 403
[debug] [2026-01-18T18:02:34.163Z] <<< [apiv2][body] GET https://serviceusage.googleapis.com/v1/projects/the-economist-reader/services/identitytoolkit.googleapis.com [omitted]
[debug] [2026-01-18T18:02:34.166Z] <<< [apiv2][status] GET https://serviceusage.googleapis.com/v1/projects/the-economist-reader/services/firebaseremoteconfig.googleapis.com 403
[debug] [2026-01-18T18:02:34.166Z] <<< [apiv2][body] GET https://serviceusage.googleapis.com/v1/projects/the-economist-reader/services/firebaseremoteconfig.googleapis.com [omitted]
[debug] [2026-01-18T18:02:34.177Z] <<< [apiv2][status] GET https://serviceusage.googleapis.com/v1/projects/the-economist-reader/services/firebaseappdistribution.googleapis.com 403
[debug] [2026-01-18T18:02:34.177Z] <<< [apiv2][body] GET https://serviceusage.googleapis.com/v1/projects/the-economist-reader/services/firebaseappdistribution.googleapis.com [omitted]
[debug] [2026-01-18T18:02:34.178Z] <<< [apiv2][status] GET https://serviceusage.googleapis.com/v1/projects/the-economist-reader/services/firebaseapphosting.googleapis.com 403
[debug] [2026-01-18T18:02:34.178Z] <<< [apiv2][body] GET https://serviceusage.googleapis.com/v1/projects/the-economist-reader/services/firebaseapphosting.googleapis.com [omitted]
[debug] [2026-01-18T18:02:34.285Z] <<< [apiv2][status] GET https://serviceusage.googleapis.com/v1/projects/the-economist-reader/services/firebaseappdistribution.googleapis.com 403
[debug] [2026-01-18T18:02:34.285Z] <<< [apiv2][body] GET https://serviceusage.googleapis.com/v1/projects/the-economist-reader/services/firebaseappdistribution.googleapis.com [omitted]
[debug] [2026-01-18T18:02:34.400Z] <<< [apiv2][status] GET https://serviceusage.googleapis.com/v1/projects/the-economist-reader/services/cloudfunctions.googleapis.com 403
[debug] [2026-01-18T18:02:34.400Z] <<< [apiv2][body] GET https://serviceusage.googleapis.com/v1/projects/the-economist-reader/services/cloudfunctions.googleapis.com [omitted]
[debug] [2026-01-18T18:02:34.421Z] <<< [apiv2][status] GET https://serviceusage.googleapis.com/v1/projects/the-economist-reader/services/fcm.googleapis.com 403
[debug] [2026-01-18T18:02:34.421Z] <<< [apiv2][body] GET https://serviceusage.googleapis.com/v1/projects/the-economist-reader/services/fcm.googleapis.com [omitted]
[debug] [2026-01-18T18:02:34.423Z] > command requires scopes: ["email","openid","https://www.googleapis.com/auth/cloudplatformprojects.readonly","https://www.googleapis.com/auth/firebase","https://www.googleapis.com/auth/cloud-platform"]
[debug] [2026-01-18T18:02:34.423Z] Running auto auth
[debug] [2026-01-18T18:02:34.424Z] No OAuth tokens found
[debug] [2026-01-18T18:02:34.424Z] >>> [apiv2][query] GET https://cloudbilling.googleapis.com/v1/projects/the-economist-reader/billingInfo [none]
[debug] [2026-01-18T18:02:34.602Z] <<< [apiv2][status] GET https://cloudbilling.googleapis.com/v1/projects/the-economist-reader/billingInfo 200
[debug] [2026-01-18T18:02:34.602Z] <<< [apiv2][body] GET https://cloudbilling.googleapis.com/v1/projects/the-economist-reader/billingInfo {"name":"projects/the-economist-reader/billingInfo","projectId":"the-economist-reader","billingAccountName":"","billingEnabled":false}
[debug] [2026-01-18T18:02:34.603Z] > command requires scopes: ["email","openid","https://www.googleapis.com/auth/cloudplatformprojects.readonly","https://www.googleapis.com/auth/firebase","https://www.googleapis.com/auth/cloud-platform"]
[debug] [2026-01-18T18:02:34.603Z] Running auto auth
[debug] [2026-01-18T18:02:34.607Z] > command requires scopes: ["email","openid","https://www.googleapis.com/auth/cloudplatformprojects.readonly","https://www.googleapis.com/auth/firebase","https://www.googleapis.com/auth/cloud-platform"]
[debug] [2026-01-18T18:02:34.608Z] Running auto auth
[debug] [2026-01-18T18:02:34.608Z] No OAuth tokens found
[debug] [2026-01-18T18:02:34.608Z] >>> [apiv2][query] GET https://cloudbilling.googleapis.com/v1/projects/the-economist-reader/billingInfo [none]
[debug] [2026-01-18T18:02:35.300Z] <<< [apiv2][status] GET https://cloudbilling.googleapis.com/v1/projects/the-economist-reader/billingInfo 200
[debug] [2026-01-18T18:02:35.300Z] <<< [apiv2][body] GET https://cloudbilling.googleapis.com/v1/projects/the-economist-reader/billingInfo {"name":"projects/the-economist-reader/billingInfo","projectId":"the-economist-reader","billingAccountName":"","billingEnabled":false}
[debug] [2026-01-18T18:02:35.302Z] > command requires scopes: ["email","openid","https://www.googleapis.com/auth/cloudplatformprojects.readonly","https://www.googleapis.com/auth/firebase","https://www.googleapis.com/auth/cloud-platform"]
[debug] [2026-01-18T18:02:35.302Z] Running auto auth
[debug] [2026-01-18T18:08:47.198Z] > command requires scopes: ["email","openid","https://www.googleapis.com/auth/cloudplatformprojects.readonly","https://www.googleapis.com/auth/firebase","https://www.googleapis.com/auth/cloud-platform"]
[debug] [2026-01-18T18:08:47.201Z] > command requires scopes: ["email","openid","https://www.googleapis.com/auth/cloudplatformprojects.readonly","https://www.googleapis.com/auth/firebase","https://www.googleapis.com/auth/cloud-platform"]
[debug] [2026-01-18T18:08:47.313Z] Running auto auth
[debug] [2026-01-18T18:08:47.313Z] Running auto auth
[debug] [2026-01-18T18:08:47.314Z] No OAuth tokens found
[debug] [2026-01-18T18:08:47.314Z] No OAuth tokens found
[debug] [2026-01-18T18:08:47.315Z] >>> [apiv2][query] GET https://cloudbilling.googleapis.com/v1/projects/the-economist-reader/billingInfo [none]
[debug] [2026-01-18T18:08:47.316Z] >>> [apiv2][query] GET https://cloudbilling.googleapis.com/v1/projects/the-economist-reader/billingInfo [none]
[debug] [2026-01-18T18:08:48.033Z] <<< [apiv2][status] GET https://cloudbilling.googleapis.com/v1/projects/the-economist-reader/billingInfo 200
[debug] [2026-01-18T18:08:48.033Z] <<< [apiv2][body] GET https://cloudbilling.googleapis.com/v1/projects/the-economist-reader/billingInfo {"name":"projects/the-economist-reader/billingInfo","projectId":"the-economist-reader","billingAccountName":"","billingEnabled":false}
[debug] [2026-01-18T18:08:48.094Z] No OAuth tokens found
[debug] [2026-01-18T18:08:48.094Z] No OAuth tokens found
[debug] [2026-01-18T18:08:48.094Z] No OAuth tokens found
[debug] [2026-01-18T18:08:48.094Z] No OAuth tokens found
[debug] [2026-01-18T18:08:48.094Z] No OAuth tokens found
[debug] [2026-01-18T18:08:48.094Z] No OAuth tokens found
[debug] [2026-01-18T18:08:48.094Z] No OAuth tokens found
[debug] [2026-01-18T18:08:48.103Z] No OAuth tokens found
[debug] [2026-01-18T18:08:48.103Z] No OAuth tokens found
[debug] [2026-01-18T18:08:48.103Z] >>> [apiv2][query] GET https://serviceusage.googleapis.com/v1/projects/the-economist-reader/services/firestore.googleapis.com [none]
[debug] [2026-01-18T18:08:48.103Z] >>> [apiv2][(partial)header] GET https://serviceusage.googleapis.com/v1/projects/the-economist-reader/services/firestore.googleapis.com x-goog-quota-user=projects/the-economist-reader
[debug] [2026-01-18T18:08:48.104Z] >>> [apiv2][query] GET https://serviceusage.googleapis.com/v1/projects/the-economist-reader/services/storage.googleapis.com [none]
[debug] [2026-01-18T18:08:48.104Z] >>> [apiv2][(partial)header] GET https://serviceusage.googleapis.com/v1/projects/the-economist-reader/services/storage.googleapis.com x-goog-quota-user=projects/the-economist-reader
[debug] [2026-01-18T18:08:48.105Z] >>> [apiv2][query] GET https://serviceusage.googleapis.com/v1/projects/the-economist-reader/services/firebasedataconnect.googleapis.com [none]
[debug] [2026-01-18T18:08:48.105Z] >>> [apiv2][(partial)header] GET https://serviceusage.googleapis.com/v1/projects/the-economist-reader/services/firebasedataconnect.googleapis.com x-goog-quota-user=projects/the-economist-reader
[debug] [2026-01-18T18:08:48.106Z] >>> [apiv2][query] GET https://serviceusage.googleapis.com/v1/projects/the-economist-reader/services/identitytoolkit.googleapis.com [none]
[debug] [2026-01-18T18:08:48.106Z] >>> [apiv2][(partial)header] GET https://serviceusage.googleapis.com/v1/projects/the-economist-reader/services/identitytoolkit.googleapis.com x-goog-quota-user=projects/the-economist-reader
[debug] [2026-01-18T18:08:48.107Z] >>> [apiv2][query] GET https://serviceusage.googleapis.com/v1/projects/the-economist-reader/services/fcm.googleapis.com [none]
[debug] [2026-01-18T18:08:48.107Z] >>> [apiv2][(partial)header] GET https://serviceusage.googleapis.com/v1/projects/the-economist-reader/services/fcm.googleapis.com x-goog-quota-user=projects/the-economist-reader
[debug] [2026-01-18T18:08:48.108Z] >>> [apiv2][query] GET https://serviceusage.googleapis.com/v1/projects/the-economist-reader/services/cloudfunctions.googleapis.com [none]
[debug] [2026-01-18T18:08:48.108Z] >>> [apiv2][(partial)header] GET https://serviceusage.googleapis.com/v1/projects/the-economist-reader/services/cloudfunctions.googleapis.com x-goog-quota-user=projects/the-economist-reader
[debug] [2026-01-18T18:08:48.109Z] >>> [apiv2][query] GET https://serviceusage.googleapis.com/v1/projects/the-economist-reader/services/firebaseremoteconfig.googleapis.com [none]
[debug] [2026-01-18T18:08:48.109Z] >>> [apiv2][(partial)header] GET https://serviceusage.googleapis.com/v1/projects/the-economist-reader/services/firebaseremoteconfig.googleapis.com x-goog-quota-user=projects/the-economist-reader
[debug] [2026-01-18T18:08:48.110Z] >>> [apiv2][query] GET https://serviceusage.googleapis.com/v1/projects/the-economist-reader/services/firebaseapphosting.googleapis.com [none]
[debug] [2026-01-18T18:08:48.110Z] >>> [apiv2][(partial)header] GET https://serviceusage.googleapis.com/v1/projects/the-economist-reader/services/firebaseapphosting.googleapis.com x-goog-quota-user=projects/the-economist-reader
[debug] [2026-01-18T18:08:48.111Z] >>> [apiv2][query] GET https://serviceusage.googleapis.com/v1/projects/the-economist-reader/services/firebaseio.com [none]
[debug] [2026-01-18T18:08:48.111Z] >>> [apiv2][(partial)header] GET https://serviceusage.googleapis.com/v1/projects/the-economist-reader/services/firebaseio.com x-goog-quota-user=projects/the-economist-reader
[debug] [2026-01-18T18:08:48.152Z] No OAuth tokens found
[debug] [2026-01-18T18:08:48.152Z] >>> [apiv2][query] GET https://serviceusage.googleapis.com/v1/projects/the-economist-reader/services/firebaseappdistribution.googleapis.com [none]
[debug] [2026-01-18T18:08:48.152Z] >>> [apiv2][(partial)header] GET https://serviceusage.googleapis.com/v1/projects/the-economist-reader/services/firebaseappdistribution.googleapis.com x-goog-quota-user=projects/the-economist-reader
[debug] [2026-01-18T18:08:48.157Z] <<< [apiv2][status] GET https://cloudbilling.googleapis.com/v1/projects/the-economist-reader/billingInfo 200
[debug] [2026-01-18T18:08:48.157Z] <<< [apiv2][body] GET https://cloudbilling.googleapis.com/v1/projects/the-economist-reader/billingInfo {"name":"projects/the-economist-reader/billingInfo","projectId":"the-economist-reader","billingAccountName":"","billingEnabled":false}
[debug] [2026-01-18T18:08:48.157Z] No OAuth tokens found
[debug] [2026-01-18T18:08:48.157Z] No OAuth tokens found
[debug] [2026-01-18T18:08:48.157Z] No OAuth tokens found
[debug] [2026-01-18T18:08:48.158Z] No OAuth tokens found
[debug] [2026-01-18T18:08:48.158Z] No OAuth tokens found
[debug] [2026-01-18T18:08:48.158Z] No OAuth tokens found
[debug] [2026-01-18T18:08:48.158Z] No OAuth tokens found
[debug] [2026-01-18T18:08:48.161Z] No OAuth tokens found
[debug] [2026-01-18T18:08:48.161Z] No OAuth tokens found
[debug] [2026-01-18T18:08:48.161Z] >>> [apiv2][query] GET https://serviceusage.googleapis.com/v1/projects/the-economist-reader/services/firestore.googleapis.com [none]
[debug] [2026-01-18T18:08:48.161Z] >>> [apiv2][(partial)header] GET https://serviceusage.googleapis.com/v1/projects/the-economist-reader/services/firestore.googleapis.com x-goog-quota-user=projects/the-economist-reader
[debug] [2026-01-18T18:08:48.162Z] >>> [apiv2][query] GET https://serviceusage.googleapis.com/v1/projects/the-economist-reader/services/storage.googleapis.com [none]
[debug] [2026-01-18T18:08:48.162Z] >>> [apiv2][(partial)header] GET https://serviceusage.googleapis.com/v1/projects/the-economist-reader/services/storage.googleapis.com x-goog-quota-user=projects/the-economist-reader
[debug] [2026-01-18T18:08:48.163Z] >>> [apiv2][query] GET https://serviceusage.googleapis.com/v1/projects/the-economist-reader/services/firebasedataconnect.googleapis.com [none]
[debug] [2026-01-18T18:08:48.163Z] >>> [apiv2][(partial)header] GET https://serviceusage.googleapis.com/v1/projects/the-economist-reader/services/firebasedataconnect.googleapis.com x-goog-quota-user=projects/the-economist-reader
[debug] [2026-01-18T18:08:48.163Z] >>> [apiv2][query] GET https://serviceusage.googleapis.com/v1/projects/the-economist-reader/services/identitytoolkit.googleapis.com [none]
[debug] [2026-01-18T18:08:48.163Z] >>> [apiv2][(partial)header] GET https://serviceusage.googleapis.com/v1/projects/the-economist-reader/services/identitytoolkit.googleapis.com x-goog-quota-user=projects/the-economist-reader
[debug] [2026-01-18T18:08:48.164Z] >>> [apiv2][query] GET https://serviceusage.googleapis.com/v1/projects/the-economist-reader/services/fcm.googleapis.com [none]
[debug] [2026-01-18T18:08:48.164Z] >>> [apiv2][(partial)header] GET https://serviceusage.googleapis.com/v1/projects/the-economist-reader/services/fcm.googleapis.com x-goog-quota-user=projects/the-economist-reader
[debug] [2026-01-18T18:08:48.164Z] >>> [apiv2][query] GET https://serviceusage.googleapis.com/v1/projects/the-economist-reader/services/cloudfunctions.googleapis.com [none]
[debug] [2026-01-18T18:08:48.164Z] >>> [apiv2][(partial)header] GET https://serviceusage.googleapis.com/v1/projects/the-economist-reader/services/cloudfunctions.googleapis.com x-goog-quota-user=projects/the-economist-reader
[debug] [2026-01-18T18:08:48.164Z] >>> [apiv2][query] GET https://serviceusage.googleapis.com/v1/projects/the-economist-reader/services/firebaseremoteconfig.googleapis.com [none]
[debug] [2026-01-18T18:08:48.164Z] >>> [apiv2][(partial)header] GET https://serviceusage.googleapis.com/v1/projects/the-economist-reader/services/firebaseremoteconfig.googleapis.com x-goog-quota-user=projects/the-economist-reader
[debug] [2026-01-18T18:08:48.165Z] >>> [apiv2][query] GET https://serviceusage.googleapis.com/v1/projects/the-economist-reader/services/firebaseapphosting.googleapis.com [none]
[debug] [2026-01-18T18:08:48.165Z] >>> [apiv2][(partial)header] GET https://serviceusage.googleapis.com/v1/projects/the-economist-reader/services/firebaseapphosting.googleapis.com x-goog-quota-user=projects/the-economist-reader
[debug] [2026-01-18T18:08:48.165Z] >>> [apiv2][query] GET https://serviceusage.googleapis.com/v1/projects/the-economist-reader/services/firebaseio.com [none]
[debug] [2026-01-18T18:08:48.165Z] >>> [apiv2][(partial)header] GET https://serviceusage.googleapis.com/v1/projects/the-economist-reader/services/firebaseio.com x-goog-quota-user=projects/the-economist-reader
[debug] [2026-01-18T18:08:48.215Z] No OAuth tokens found
[debug] [2026-01-18T18:08:48.215Z] >>> [apiv2][query] GET https://serviceusage.googleapis.com/v1/projects/the-economist-reader/services/firebaseappdistribution.googleapis.com [none]
[debug] [2026-01-18T18:08:48.215Z] >>> [apiv2][(partial)header] GET https://serviceusage.googleapis.com/v1/projects/the-economist-reader/services/firebaseappdistribution.googleapis.com x-goog-quota-user=projects/the-economist-reader
[debug] [2026-01-18T18:08:48.382Z] <<< [apiv2][status] GET https://serviceusage.googleapis.com/v1/projects/the-economist-reader/services/firestore.googleapis.com 403
[debug] [2026-01-18T18:08:48.382Z] <<< [apiv2][body] GET https://serviceusage.googleapis.com/v1/projects/the-economist-reader/services/firestore.googleapis.com [omitted]
[debug] [2026-01-18T18:08:48.542Z] <<< [apiv2][status] GET https://serviceusage.googleapis.com/v1/projects/the-economist-reader/services/firebaseremoteconfig.googleapis.com 403
[debug] [2026-01-18T18:08:48.542Z] <<< [apiv2][body] GET https://serviceusage.googleapis.com/v1/projects/the-economist-reader/services/firebaseremoteconfig.googleapis.com [omitted]
[debug] [2026-01-18T18:08:48.727Z] <<< [apiv2][status] GET https://serviceusage.googleapis.com/v1/projects/the-economist-reader/services/storage.googleapis.com 403
[debug] [2026-01-18T18:08:48.728Z] <<< [apiv2][body] GET https://serviceusage.googleapis.com/v1/projects/the-economist-reader/services/storage.googleapis.com [omitted]
[debug] [2026-01-18T18:08:48.746Z] <<< [apiv2][status] GET https://serviceusage.googleapis.com/v1/projects/the-economist-reader/services/firebasedataconnect.googleapis.com 403
[debug] [2026-01-18T18:08:48.746Z] <<< [apiv2][body] GET https://serviceusage.googleapis.com/v1/projects/the-economist-reader/services/firebasedataconnect.googleapis.com [omitted]
[debug] [2026-01-18T18:08:48.748Z] <<< [apiv2][status] GET https://serviceusage.googleapis.com/v1/projects/the-economist-reader/services/identitytoolkit.googleapis.com 403
[debug] [2026-01-18T18:08:48.748Z] <<< [apiv2][body] GET https://serviceusage.googleapis.com/v1/projects/the-economist-reader/services/identitytoolkit.googleapis.com [omitted]
[debug] [2026-01-18T18:08:48.762Z] <<< [apiv2][status] GET https://serviceusage.googleapis.com/v1/projects/the-economist-reader/services/fcm.googleapis.com 403
[debug] [2026-01-18T18:08:48.762Z] <<< [apiv2][body] GET https://serviceusage.googleapis.com/v1/projects/the-economist-reader/services/fcm.googleapis.com [omitted]
[debug] [2026-01-18T18:08:48.762Z] <<< [apiv2][status] GET https://serviceusage.googleapis.com/v1/projects/the-economist-reader/services/cloudfunctions.googleapis.com 403
[debug] [2026-01-18T18:08:48.762Z] <<< [apiv2][body] GET https://serviceusage.googleapis.com/v1/projects/the-economist-reader/services/cloudfunctions.googleapis.com [omitted]
[debug] [2026-01-18T18:08:48.795Z] <<< [apiv2][status] GET https://serviceusage.googleapis.com/v1/projects/the-economist-reader/services/firebaseremoteconfig.googleapis.com 403
[debug] [2026-01-18T18:08:48.795Z] <<< [apiv2][body] GET https://serviceusage.googleapis.com/v1/projects/the-economist-reader/services/firebaseremoteconfig.googleapis.com [omitted]
[debug] [2026-01-18T18:08:48.804Z] <<< [apiv2][status] GET https://serviceusage.googleapis.com/v1/projects/the-economist-reader/services/firebaseapphosting.googleapis.com 403
[debug] [2026-01-18T18:08:48.804Z] <<< [apiv2][body] GET https://serviceusage.googleapis.com/v1/projects/the-economist-reader/services/firebaseapphosting.googleapis.com [omitted]
[debug] [2026-01-18T18:08:48.848Z] <<< [apiv2][status] GET https://serviceusage.googleapis.com/v1/projects/the-economist-reader/services/fcm.googleapis.com 403
[debug] [2026-01-18T18:08:48.848Z] <<< [apiv2][body] GET https://serviceusage.googleapis.com/v1/projects/the-economist-reader/services/fcm.googleapis.com [omitted]
[debug] [2026-01-18T18:08:48.858Z] <<< [apiv2][status] GET https://serviceusage.googleapis.com/v1/projects/the-economist-reader/services/firebasedataconnect.googleapis.com 403
[debug] [2026-01-18T18:08:48.858Z] <<< [apiv2][body] GET https://serviceusage.googleapis.com/v1/projects/the-economist-reader/services/firebasedataconnect.googleapis.com [omitted]
[debug] [2026-01-18T18:08:48.858Z] <<< [apiv2][status] GET https://serviceusage.googleapis.com/v1/projects/the-economist-reader/services/storage.googleapis.com 403
[debug] [2026-01-18T18:08:48.858Z] <<< [apiv2][body] GET https://serviceusage.googleapis.com/v1/projects/the-economist-reader/services/storage.googleapis.com [omitted]
[debug] [2026-01-18T18:08:48.859Z] <<< [apiv2][status] GET https://serviceusage.googleapis.com/v1/projects/the-economist-reader/services/identitytoolkit.googleapis.com 403
[debug] [2026-01-18T18:08:48.859Z] <<< [apiv2][body] GET https://serviceusage.googleapis.com/v1/projects/the-economist-reader/services/identitytoolkit.googleapis.com [omitted]
[debug] [2026-01-18T18:08:48.862Z] <<< [apiv2][status] GET https://serviceusage.googleapis.com/v1/projects/the-economist-reader/services/firebaseio.com 403
[debug] [2026-01-18T18:08:48.862Z] <<< [apiv2][body] GET https://serviceusage.googleapis.com/v1/projects/the-economist-reader/services/firebaseio.com [omitted]
[debug] [2026-01-18T18:08:48.868Z] <<< [apiv2][status] GET https://serviceusage.googleapis.com/v1/projects/the-economist-reader/services/cloudfunctions.googleapis.com 403
[debug] [2026-01-18T18:08:48.868Z] <<< [apiv2][body] GET https://serviceusage.googleapis.com/v1/projects/the-economist-reader/services/cloudfunctions.googleapis.com [omitted]
[debug] [2026-01-18T18:08:48.869Z] <<< [apiv2][status] GET https://serviceusage.googleapis.com/v1/projects/the-economist-reader/services/firestore.googleapis.com 403
[debug] [2026-01-18T18:08:48.870Z] <<< [apiv2][body] GET https://serviceusage.googleapis.com/v1/projects/the-economist-reader/services/firestore.googleapis.com [omitted]
[debug] [2026-01-18T18:08:48.871Z] <<< [apiv2][status] GET https://serviceusage.googleapis.com/v1/projects/the-economist-reader/services/firebaseappdistribution.googleapis.com 403
[debug] [2026-01-18T18:08:48.871Z] <<< [apiv2][body] GET https://serviceusage.googleapis.com/v1/projects/the-economist-reader/services/firebaseappdistribution.googleapis.com [omitted]
[debug] [2026-01-18T18:08:48.872Z] > command requires scopes: ["email","openid","https://www.googleapis.com/auth/cloudplatformprojects.readonly","https://www.googleapis.com/auth/firebase","https://www.googleapis.com/auth/cloud-platform"]
[debug] [2026-01-18T18:08:48.872Z] Running auto auth
[debug] [2026-01-18T18:08:48.873Z] No OAuth tokens found
[debug] [2026-01-18T18:08:48.873Z] >>> [apiv2][query] GET https://cloudbilling.googleapis.com/v1/projects/the-economist-reader/billingInfo [none]
[debug] [2026-01-18T18:08:48.885Z] <<< [apiv2][status] GET https://serviceusage.googleapis.com/v1/projects/the-economist-reader/services/firebaseapphosting.googleapis.com 403
[debug] [2026-01-18T18:08:48.885Z] <<< [apiv2][body] GET https://serviceusage.googleapis.com/v1/projects/the-economist-reader/services/firebaseapphosting.googleapis.com [omitted]
[debug] [2026-01-18T18:08:48.889Z] <<< [apiv2][status] GET https://serviceusage.googleapis.com/v1/projects/the-economist-reader/services/firebaseappdistribution.googleapis.com 403
[debug] [2026-01-18T18:08:48.889Z] <<< [apiv2][body] GET https://serviceusage.googleapis.com/v1/projects/the-economist-reader/services/firebaseappdistribution.googleapis.com [omitted]
[debug] [2026-01-18T18:08:48.904Z] <<< [apiv2][status] GET https://serviceusage.googleapis.com/v1/projects/the-economist-reader/services/firebaseio.com 403
[debug] [2026-01-18T18:08:48.904Z] <<< [apiv2][body] GET https://serviceusage.googleapis.com/v1/projects/the-economist-reader/services/firebaseio.com [omitted]
[debug] [2026-01-18T18:08:49.026Z] <<< [apiv2][status] GET https://cloudbilling.googleapis.com/v1/projects/the-economist-reader/billingInfo 200
[debug] [2026-01-18T18:08:49.027Z] <<< [apiv2][body] GET https://cloudbilling.googleapis.com/v1/projects/the-economist-reader/billingInfo {"name":"projects/the-economist-reader/billingInfo","projectId":"the-economist-reader","billingAccountName":"","billingEnabled":false}
[debug] [2026-01-18T18:08:49.028Z] > command requires scopes: ["email","openid","https://www.googleapis.com/auth/cloudplatformprojects.readonly","https://www.googleapis.com/auth/firebase","https://www.googleapis.com/auth/cloud-platform"]
[debug] [2026-01-18T18:08:49.028Z] Running auto auth
[debug] [2026-01-18T18:08:49.033Z] > command requires scopes: ["email","openid","https://www.googleapis.com/auth/cloudplatformprojects.readonly","https://www.googleapis.com/auth/firebase","https://www.googleapis.com/auth/cloud-platform"]
[debug] [2026-01-18T18:08:49.034Z] Running auto auth
[debug] [2026-01-18T18:08:49.034Z] No OAuth tokens found
[debug] [2026-01-18T18:08:49.034Z] >>> [apiv2][query] GET https://cloudbilling.googleapis.com/v1/projects/the-economist-reader/billingInfo [none]
[debug] [2026-01-18T18:08:49.279Z] <<< [apiv2][status] GET https://cloudbilling.googleapis.com/v1/projects/the-economist-reader/billingInfo 200
[debug] [2026-01-18T18:08:49.279Z] <<< [apiv2][body] GET https://cloudbilling.googleapis.com/v1/projects/the-economist-reader/billingInfo {"name":"projects/the-economist-reader/billingInfo","projectId":"the-economist-reader","billingAccountName":"","billingEnabled":false}
[debug] [2026-01-18T18:08:49.280Z] > command requires scopes: ["email","openid","https://www.googleapis.com/auth/cloudplatformprojects.readonly","https://www.googleapis.com/auth/firebase","https://www.googleapis.com/auth/cloud-platform"]
[debug] [2026-01-18T18:08:49.280Z] Running auto auth
